============================= test session starts ==============================
platform linux -- Python 3.12.13, pytest-9.1.1, pluggy-1.6.0
PySide6 6.11.1 -- Qt runtime 6.11.1 -- Qt compiled 6.11.1
rootdir: /home/runner/work/video_series_studio/video_series_studio
configfile: pyproject.toml
testpaths: tests
plugins: cov-7.1.0, qt-4.5.0
collected 759 items

tests/certification/test_onboarding_accessibility_visual_certification.py . [  0%]
.........                                                                [  1%]
tests/certification/test_onboarding_functional_certification.py .......  [  2%]
tests/certification/test_onboarding_keyboard_focus_certification.py .... [  2%]
......                                                                   [  3%]
tests/certification/test_onboarding_overlay_spotlight_certification.py . [  3%]
........                                                                 [  4%]
tests/certification/test_onboarding_responsive_layout_certification.py . [  4%]
........                                                                 [  5%]
tests/integration/test_asset_manager_integration_foundation.py .         [  6%]
tests/integration/test_batch_compilation_foundation_integration.py ...   [  6%]
tests/integration/test_batch_compilation_scheduler_pipeline.py .         [  6%]
tests/integration/test_batch_prompt_compilation_pipeline.py .            [  6%]
tests/integration/test_batch_recovery_pipeline.py .                      [  6%]
tests/integration/test_batch_reporting_pipeline.py .                     [  6%]
tests/integration/test_canonical_asset_creation_pipeline.py ....         [  7%]
tests/integration/test_canonical_resolution_pipeline.py .                [  7%]
tests/integration/test_cap_production_contract_acceptance.py ...         [  8%]
tests/integration/test_cap_production_contract_compatibility.py .        [  8%]
tests/integration/test_cap_readiness_pipeline.py ..                      [  8%]
tests/integration/test_cap_reference_library_pipeline.py .               [  8%]
tests/integration/test_cap_ui_production_contract_pipeline.py .          [  8%]
tests/integration/test_category_reference_regeneration.py .              [  8%]
tests/integration/test_category_reference_template_pipeline.py ..        [  9%]
tests/integration/test_comfyui_derived_reference_pipeline.py .           [  9%]
tests/integration/test_derived_reference_generation_pipeline.py ..       [  9%]
tests/integration/test_end_to_end_production.py .                        [  9%]
tests/integration/test_incremental_batch_compilation_pipeline.py .       [  9%]
tests/integration/test_production_projection_pipeline.py ..              [ 10%]
tests/integration/test_prompt_graph_build_pipeline.py .                  [ 10%]
tests/integration/test_prompt_graph_compilation_pipeline.py .            [ 10%]
tests/integration/test_prompt_graph_foundation_integration.py ...        [ 10%]
tests/integration/test_prompt_graph_snapshot_diff_pipeline.py .          [ 10%]
tests/integration/test_prompt_graph_validation_pipeline.py .             [ 10%]
tests/integration/test_prompt_optimization_pipeline.py .                 [ 11%]
tests/integration/test_renderer_profile_prompt_preview_pipeline.py .     [ 11%]
tests/integration/test_rendering_foundation_integration.py .....         [ 11%]
tests/integration/test_story_ai_analysis_pipeline.py .                   [ 11%]
tests/integration/test_story_analysis_acceptance_ui.py .                 [ 12%]
tests/integration/test_story_analysis_cache_ui_integration.py .          [ 12%]
tests/integration/test_story_analysis_engine_pipeline.py ..              [ 12%]
tests/integration/test_story_analysis_model_pipeline.py .                [ 12%]
tests/integration/test_story_analysis_ui_integration.py .                [ 12%]
tests/integration/test_story_intelligence_dashboard_ui.py .              [ 12%]
tests/integration/test_story_intelligence_ui_integration.py .            [ 13%]
tests/integration/test_story_knowledge_graph_pipeline.py ..              [ 13%]
tests/integration/test_story_workspace_foundation.py ....                [ 13%]
tests/integration/test_story_workspace_pipeline.py .                     [ 13%]
tests/integration/test_structured_cap_persistence.py ..                  [ 14%]
tests/integration/test_xpd_ai_entity_resolution.py .                     [ 14%]
tests/test_logging_service.py ....                                       [ 14%]
tests/test_xcic_core_v1.py ..                                            [ 15%]
tests/unit/test_acpp_bootstrap.py .                                      [ 15%]
tests/unit/test_acpp_bundle.py ......                                    [ 16%]
tests/unit/test_acpp_compiler.py ......                                  [ 16%]
tests/unit/test_acpp_editor_dialog.py ..                                 [ 17%]
tests/unit/test_acpp_editor_service.py ..                                [ 17%]
tests/unit/test_acpp_foundation.py ......                                [ 18%]
tests/unit/test_acpp_prompt_compiler.py ......                           [ 18%]
tests/unit/test_acpp_render_jobs.py ......                               [ 19%]
tests/unit/test_acpp_resolution.py ......                                [ 20%]
tests/unit/test_acpp_story_browser.py .                                  [ 20%]
tests/unit/test_adaptive_workspace_layout.py ......                      [ 21%]
tests/unit/test_application_bootstrap.py .....                           [ 22%]
tests/unit/test_application_services.py .......                          [ 23%]
tests/unit/test_asset_browser_service.py ..                              [ 23%]
tests/unit/test_asset_creation_ui.py ..                                  [ 23%]
tests/unit/test_asset_dependency_propagation.py ...                      [ 23%]
tests/unit/test_asset_edit_ui.py ...                                     [ 24%]
tests/unit/test_asset_manager.py .....                                   [ 25%]
tests/unit/test_asset_picker_dialog.py .                                 [ 25%]
tests/unit/test_asset_readiness_column.py ..                             [ 25%]
tests/unit/test_asset_resolution_bootstrap.py .                          [ 25%]
tests/unit/test_asset_resolution_contracts.py ....                       [ 26%]
tests/unit/test_asset_staging.py .......                                 [ 27%]
tests/unit/test_batch_compilation_cancellation.py .                      [ 27%]
tests/unit/test_batch_compilation_history.py .                           [ 27%]
tests/unit/test_batch_compilation_scheduler.py ....                      [ 27%]
tests/unit/test_batch_compilation_scheduler_bootstrap.py .               [ 27%]
tests/unit/test_batch_progress_tracker.py .                              [ 28%]
tests/unit/test_batch_prompt_compilation.py .....                        [ 28%]
tests/unit/test_batch_prompt_compilation_bootstrap.py .                  [ 28%]
tests/unit/test_batch_recovery.py ......                                 [ 29%]
tests/unit/test_batch_recovery_bootstrap.py .                            [ 29%]
tests/unit/test_batch_recovery_scheduler.py .                            [ 29%]
tests/unit/test_batch_reporting.py .                                     [ 30%]
tests/unit/test_batch_reporting_bootstrap.py .                           [ 30%]
tests/unit/test_batch_statistics.py .                                    [ 30%]
tests/unit/test_beginner_mode_persistence.py .....                       [ 30%]
tests/unit/test_beginner_workflow.py ....                                [ 31%]
tests/unit/test_browseable_acpp_editor_dialog.py .                       [ 31%]
tests/unit/test_browseable_story_workspace.py ...                        [ 32%]
tests/unit/test_caie.py ..                                               [ 32%]
tests/unit/test_caie_knowledge_base.py ...                               [ 32%]
tests/unit/test_canonical_resolution.py ....                             [ 33%]
tests/unit/test_cap_architecture_assessment.py ......                    [ 33%]
tests/unit/test_cap_generator.py ....                                    [ 34%]
tests/unit/test_cap_integration_acceptance.py ..                         [ 34%]
tests/unit/test_cap_manager.py .....                                     [ 35%]
tests/unit/test_cap_production_contract_models.py ......                 [ 36%]
tests/unit/test_cap_readiness_widget.py .                                [ 36%]
tests/unit/test_cap_reference_library_models.py ...                      [ 36%]
tests/unit/test_cap_reference_library_service.py ......                  [ 37%]
tests/unit/test_cap_ui_refactoring.py .....                              [ 38%]
tests/unit/test_car_migrator.py .....                                    [ 38%]
tests/unit/test_category_reference_template_ui.py .                      [ 38%]
tests/unit/test_category_reference_templates.py .....                    [ 39%]
tests/unit/test_ciee.py ..                                               [ 39%]
tests/unit/test_comfyui_adapter.py ....                                  [ 40%]
tests/unit/test_comfyui_adapter_bootstrap.py .                           [ 40%]
tests/unit/test_comfyui_derived_reference_provider.py ..                 [ 40%]
tests/unit/test_comfyui_production_executor.py .......                   [ 41%]
tests/unit/test_configuration_service.py ...                             [ 42%]
tests/unit/test_continuity_contracts.py ...                              [ 42%]
tests/unit/test_database_manager.py .......                              [ 43%]
tests/unit/test_derived_reference_generation.py ..                       [ 43%]
tests/unit/test_derived_reference_generation_ui.py ..                    [ 44%]
tests/unit/test_dialogue_editor.py ..........                            [ 45%]
tests/unit/test_example_provider.py ......                               [ 46%]
tests/unit/test_failure_policy.py ..                                     [ 46%]
tests/unit/test_feedback_regeneration.py ..                              [ 46%]
tests/unit/test_guided_first_scene.py .....                              [ 47%]
tests/unit/test_guided_interface_tour.py ......                          [ 48%]
tests/unit/test_guided_workflow_navigation.py .......                    [ 49%]
tests/unit/test_incremental_prompt_compilation.py ....                   [ 49%]
tests/unit/test_incremental_prompt_compilation_bootstrap.py .            [ 49%]
tests/unit/test_knowledge_framework.py ........                          [ 50%]
tests/unit/test_lip_sync_contracts.py ...                                [ 51%]
tests/unit/test_live_documentation_panel.py ......                       [ 51%]
tests/unit/test_main_window.py ......                                    [ 52%]
tests/unit/test_modernise_cap_ui.py .                                    [ 52%]
tests/unit/test_onboarding_framework.py ...........                      [ 54%]
tests/unit/test_openai_story_analysis_schema.py ..                       [ 54%]
tests/unit/test_plugin_manager.py .....                                  [ 55%]
tests/unit/test_pre.py ..                                                [ 55%]
tests/unit/test_production_audit.py ......                               [ 56%]
tests/unit/test_production_container_identity.py ......                  [ 57%]
tests/unit/test_production_executors.py .....                            [ 57%]
tests/unit/test_production_monitoring.py ......                          [ 58%]
tests/unit/test_production_pipeline_foundation.py ......                 [ 59%]
tests/unit/test_production_projection_api.py ..                          [ 59%]
tests/unit/test_production_projection_models.py ..                       [ 59%]
tests/unit/test_production_recovery.py ......                            [ 60%]
tests/unit/test_project_service.py .......                               [ 61%]
tests/unit/test_prompt_graph.py ....                                     [ 62%]
tests/unit/test_prompt_graph_asset_enrichment.py ..                      [ 62%]
tests/unit/test_prompt_graph_bootstrap.py .                              [ 62%]
tests/unit/test_prompt_graph_builder.py ..                               [ 62%]
tests/unit/test_prompt_graph_builder_bootstrap.py .                      [ 62%]
tests/unit/test_prompt_graph_compiler.py ....                            [ 63%]
tests/unit/test_prompt_graph_compiler_bootstrap.py .                     [ 63%]
tests/unit/test_prompt_graph_differencing.py ...                         [ 63%]
tests/unit/test_prompt_graph_differencing_bootstrap.py .                 [ 64%]
tests/unit/test_prompt_graph_snapshot.py ..                              [ 64%]
tests/unit/test_prompt_graph_validation.py .......                       [ 65%]
tests/unit/test_prompt_graph_validation_bootstrap.py .                   [ 65%]
tests/unit/test_prompt_optimization.py ...                               [ 65%]
tests/unit/test_prompt_optimization_bootstrap.py .                       [ 65%]
tests/unit/test_prompt_package_differencing.py .                         [ 66%]
tests/unit/test_prompt_package_discovery.py ....                         [ 66%]
tests/unit/test_prompt_preview.py ..                                     [ 66%]
tests/unit/test_prompt_preview_bootstrap.py .                            [ 66%]
tests/unit/test_quality_profiles.py .                                    [ 67%]
tests/unit/test_readiness_api.py .                                       [ 67%]
tests/unit/test_readiness_models.py .                                    [ 67%]
tests/unit/test_readiness_service.py .                                   [ 67%]
tests/unit/test_reference_workflow_manifests.py ..                       [ 67%]
tests/unit/test_render_contracts.py ..                                   [ 67%]
tests/unit/test_render_execution.py .....                                [ 68%]
tests/unit/test_render_jobs.py ..                                        [ 68%]
tests/unit/test_render_queue_engine.py .......                           [ 69%]
tests/unit/test_render_request_models.py ..                              [ 70%]
tests/unit/test_render_validation.py .......                             [ 71%]
tests/unit/test_renderer_prompt_profiles.py ...                          [ 71%]
tests/unit/test_rendering_bootstrap.py .                                 [ 71%]
tests/unit/test_rendering_media_contracts_bootstrap.py ..                [ 71%]
tests/unit/test_rendering_public_api.py .                                [ 71%]
tests/unit/test_resolution_asset_picker_dialog.py .                      [ 72%]
tests/unit/test_scene_dialog_workflow.py ....F                           [ 72%]
tests/unit/test_scene_editor_dialog.py ..............                    [ 74%]
tests/unit/test_scene_editor_welcome_experience.py .......               [ 75%]
tests/unit/test_scene_production_controls.py .....                       [ 76%]
tests/unit/test_shot_planner_dialog.py ...                               [ 76%]
tests/unit/test_shot_planning_service.py ....                            [ 77%]
tests/unit/test_shot_planning_story_browser.py ..                        [ 77%]
tests/unit/test_siee.py ..                                               [ 77%]
tests/unit/test_ssie_foundation.py ....                                  [ 78%]
tests/unit/test_ssie_production_planners.py ......                       [ 78%]
tests/unit/test_ssie_scene_planner.py ........                           [ 79%]
tests/unit/test_story_ai_entity_resolution.py ...                        [ 80%]
tests/unit/test_story_ai_entity_review.py .                              [ 80%]
tests/unit/test_story_analysis_acceptance.py ...                         [ 80%]
tests/unit/test_story_analysis_cache.py ...                              [ 81%]
tests/unit/test_story_analysis_engine.py .....                           [ 81%]
tests/unit/test_story_analysis_framework.py ......                       [ 82%]
tests/unit/test_story_analysis_models.py ...........                     [ 84%]
tests/unit/test_story_analysis_source_reader.py ....                     [ 84%]
tests/unit/test_story_analysis_workspace.py ...                          [ 85%]
tests/unit/test_story_analysis_workspace_exports.py .                    [ 85%]
tests/unit/test_story_analysis_workspace_help.py .                       [ 85%]
tests/unit/test_story_approval.py .......                                [ 86%]
tests/unit/test_story_approval_bootstrap.py .                            [ 86%]
tests/unit/test_story_browser.py ......                                  [ 87%]
tests/unit/test_story_container_service.py ....                          [ 87%]
tests/unit/test_story_hierarchy.py ...                                   [ 88%]
tests/unit/test_story_intelligence_dashboard.py ...                      [ 88%]
tests/unit/test_story_intelligence_persistence.py ....                   [ 89%]
tests/unit/test_story_knowledge_graph.py .....                           [ 89%]
tests/unit/test_story_lifecycle.py ......                                [ 90%]
tests/unit/test_story_lifecycle_bootstrap.py .                           [ 90%]
tests/unit/test_story_metadata.py ........                               [ 91%]
tests/unit/test_story_metadata_bootstrap.py .                            [ 91%]
tests/unit/test_story_service.py ....                                    [ 92%]
tests/unit/test_story_status.py .......                                  [ 93%]
tests/unit/test_story_status_bootstrap.py .                              [ 93%]
tests/unit/test_story_workspace.py ....                                  [ 93%]
tests/unit/test_story_workspace_help.py ...                              [ 94%]
tests/unit/test_structured_cap_editor_ui.py .                            [ 94%]
tests/unit/test_structured_cap_knowledge.py .                            [ 94%]
tests/unit/test_structured_cap_knowledge_service.py .                    [ 94%]
tests/unit/test_structured_cap_schema_migration.py .                     [ 94%]
tests/unit/test_validation_explanations.py .....                         [ 95%]
tests/unit/test_voice_contracts.py ...                                   [ 95%]
tests/unit/test_workflow_compatibility.py ....                           [ 96%]
tests/unit/test_workflow_compatibility_bootstrap.py .                    [ 96%]
tests/unit/test_workflow_loader.py ....                                  [ 97%]
tests/unit/test_workflow_loader_bootstrap.py .                           [ 97%]
tests/unit/test_workflow_manifest.py ....                                [ 97%]
tests/unit/test_workflow_manifest_bootstrap.py .                         [ 97%]
tests/unit/test_workflow_registry.py ..                                  [ 98%]
tests/unit/test_workflow_reporting.py ..                                 [ 98%]
tests/unit/test_workflow_reporting_bootstrap.py .                        [ 98%]
tests/unit/test_xcic_production_integration.py ......                    [ 99%]
tests/unit/test_xpd_import_ui.py ..                                      [ 99%]
tests/unit/test_xpd_workbook_import.py ...                               [100%]

=================================== FAILURES ===================================
______________ test_dialog_geometry_is_restored_between_sessions _______________

qtbot = <pytestqt.qtbot.QtBot object at 0x7f63f8fa10d0>
qapp = <PySide6.QtWidgets.QApplication(0x559b5b379e30) at 0x7f641457b340>
tmp_path = PosixPath('/tmp/pytest-of-runner/pytest-0/test_dialog_geometry_is_restor0')

    def test_dialog_geometry_is_restored_between_sessions(
        qtbot: object,
        qapp: QApplication,
        tmp_path: Path,
    ) -> None:
        settings = _settings(tmp_path)
        first = WorkflowSceneEditorDialog(settings=settings)
        qtbot.addWidget(first)  # type: ignore[attr-defined]
        first.resize(910, 650)
        first.done(QDialog.DialogCode.Rejected)
    
        second = WorkflowSceneEditorDialog(settings=_settings(tmp_path))
        qtbot.addWidget(second)  # type: ignore[attr-defined]
    
>       assert second.size().width() == 910
E       assert 798 == 910
E        +  where 798 = <built-in method width of PySide6.QtCore.QSize object at 0x7f63f8fe1780>()
E        +    where <built-in method width of PySide6.QtCore.QSize object at 0x7f63f8fe1780> = PySide6.QtCore.QSize(798, 650).width
E        +      where PySide6.QtCore.QSize(798, 650) = <built-in method size of WorkflowSceneEditorDialog object at 0x7f63f8fd4340>()
E        +        where <built-in method size of WorkflowSceneEditorDialog object at 0x7f63f8fd4340> = <vscs.presentation.dialogs.workflow_scene_editor_dialog.WorkflowSceneEditorDialog(0x559b70b8d0d0) at 0x7f63f8fd4340>.size

tests/unit/test_scene_dialog_workflow.py:125: AssertionError
================================ tests coverage ================================
_______________ coverage: platform linux, python 3.12.13-final-0 _______________

Name                                                                           Stmts   Miss Branch BrPart  Cover   Missing
--------------------------------------------------------------------------------------------------------------------------
src/vscs/application/acpp/bundle.py                                              149     11     26      7    90%   80, 86, 99, 111, 118, 124, 198-199, 201, 204-205
src/vscs/application/acpp/catalogs.py                                             90     63     26      0    23%   34-35, 39-64, 78-89, 93-99, 112-113, 117-138, 153-159, 173-177, 181-194, 198-201
src/vscs/application/acpp/compiler.py                                             98     11     26      9    84%   44, 46, 48, 50, 52, 69, 71, 73, 87-88, 149
src/vscs/application/acpp/identifiers.py                                          11      2      6      2    76%   22, 29
src/vscs/application/acpp/prompt_compiler.py                                      99      6     20      4    90%   50, 52, 155-159, 166
src/vscs/application/acpp/render_jobs.py                                         110      4     26      6    93%   43, 45, 94, 124, 242->244, 244->246
src/vscs/application/acpp/resolution.py                                           75      1      2      1    97%   128
src/vscs/application/acpp/resolver.py                                             72      5     18      4    90%   126, 140, 152, 200-207
src/vscs/application/acpp/serialization.py                                        38      5      2      1    85%   47-48, 50, 53-54
src/vscs/application/acpp/service.py                                              97     11     12      2    86%   92, 186-190, 201->203, 208-209, 216-218
src/vscs/application/acpp/validator.py                                            95     11     36     11    83%   59, 88, 102, 124, 132, 160, 167, 188, 202, 209, 224
src/vscs/application/asset_resolution/browser.py                                  81      5     16      4    91%   64, 97, 112, 123, 148
src/vscs/application/asset_resolution/canonical.py                                98      6     14      5    90%   53, 55, 110, 115, 159, 213
src/vscs/application/asset_resolution/models.py                                   97      6      8      3    90%   45, 130, 135, 148-151
src/vscs/application/asset_resolution/prompt_enrichment.py                        75      3      8      3    93%   38, 40, 97
src/vscs/application/asset_resolution/propagation.py                              90      7     16      5    89%   98, 101, 126, 167, 169, 172, 176
src/vscs/application/asset_resolution/resolver.py                                 50      5     16      6    83%   68, 77, 92->122, 113, 139, 156
src/vscs/application/assets/canonical_creation.py                                120     28     22      6    72%   86-94, 123, 137, 168-177, 252, 255, 259, 263, 268-269, 278-279, 287-297
src/vscs/application/assets/repository.py                                         91     15     18      4    83%   42-43, 52-53, 77, 83-84, 93, 100->102, 106-107, 116, 120-121, 128-129
src/vscs/application/assets/service.py                                            93     18     16      2    80%   49-50, 60-61, 77-78, 90-91, 93, 103-104, 106, 114-115, 119-122
src/vscs/application/assets/xpd_import.py                                        217     56     78     22    68%   81, 83, 90-91, 93, 96, 105, 115-119, 127->131, 128->127, 132, 135->134, 138, 140, 162-168, 177, 236-237, 247-248, 253, 271-279, 295-305, 330, 347, 355, 381-382, 399-401, 420, 433
src/vscs/application/assets/xpd_preview.py                                        35      2     12      3    89%   35-43, 62->64, 64->29
src/vscs/application/caie/engine.py                                               65      8     22      8    82%   49-50, 64->66, 66->68, 79, 104, 119, 147, 152, 154
src/vscs/application/caie/knowledge_base.py                                       94     15     20     10    78%   73->71, 75, 82, 106, 123-136, 142-145, 147, 154, 161, 163
src/vscs/application/caps/asset_generator.py                                      77     58     10      0    22%   44-47, 58-186, 190-195, 200
src/vscs/application/caps/derived_reference_generation.py                        138     14     30     12    85%   79, 88-89, 126, 132, 157, 159, 165, 179, 185, 289, 291, 293, 306
src/vscs/application/caps/file_manager.py                                        125    125     32      0     0%   3-228
src/vscs/application/caps/generator.py                                            62      4     18      7    86%   55-56, 142->146, 146->151, 152, 156->161, 162, 165->172, 183->185
src/vscs/application/caps/production_projection_service.py                        38      2      2      0    95%   105, 112
src/vscs/application/caps/readiness_service.py                                   123      3     36      2    97%   104, 124, 130
src/vscs/application/caps/reference_library.py                                   189     31     64     21    77%   62-63, 76-77, 101-103, 147, 149, 155, 158, 189, 223, 225, 249, 254, 257, 259->261, 280, 282, 303, 308, 333-340, 358, 403, 411, 507
src/vscs/application/caps/reference_repository.py                                 71     21     14      3    69%   53-54, 63-64, 79, 92-93, 104, 109, 114-115, 120-129
src/vscs/application/caps/reference_service.py                                   140     64     44      9    48%   66-67, 77-78, 80, 95-96, 99-114, 121, 128, 139, 141, 157-162, 175, 187-190, 201-215, 220-229, 234-235, 242, 251-252, 254, 261, 275-276
src/vscs/application/caps/repository.py                                          106     15     20      3    86%   66-67, 78-79, 105-106, 117, 123, 142-143, 154, 158-159, 177-178
src/vscs/application/caps/service.py                                              95     13     16      4    85%   51-52, 61-62, 73-74, 81, 85-86, 88, 97-98, 100, 142->130
src/vscs/application/caps/structured_knowledge.py                                 44      3      2      1    91%   70-71, 146
src/vscs/application/car/migrator.py                                             213     64     52      7    69%   128-131, 161-180, 218-229, 244-254, 273-278, 327-332, 416, 420, 434, 444, 465-470, 482-487, 492-505, 510-532, 536
src/vscs/application/car/scanner.py                                              202     42     56     15    76%   124, 159, 163, 167, 195, 198-201, 204, 227-228, 250->246, 264, 308, 321, 353, 355, 360, 362, 365-366, 368, 381-402, 405-413, 426-430, 451, 474-477, 486, 503
src/vscs/application/car/validator/base.py                                        95     71     28      0    20%   25-30, 34-38, 42-47, 58-69, 78-112, 122-138, 146-184, 187-189, 193-194, 203-207
src/vscs/application/car/validator/behaviour.py                                  200    178    122      0     7%   30-33, 38-53, 63-91, 99-145, 159-173, 192-268, 283-308, 323-363, 378-413, 428-475, 479-499, 504-561, 572-574
src/vscs/application/car/validator/configuration.py                              118    101     74      0     9%   27-29, 34-37, 47-79, 87-110, 125-139, 157-178, 194-243, 253-276, 288-329
src/vscs/application/car/validator/health.py                                       3      1      0      0    67%   7
src/vscs/application/car/validator/prompt_discovery.py                            62      1     10      1    97%   72
src/vscs/application/car/validator/protocols.py                                    5      5      0      0     0%   3-11
src/vscs/application/car/validator/validator.py                                   77     59     36      0    16%   37-66, 69-74, 77-125, 137-183
src/vscs/application/car/validator/visual.py                                      88     74     40      0    11%   31-35, 38-41, 51-77, 80-110, 113-146, 149-189
src/vscs/application/car/validator_legacy.py                                     770    770    390      0     0%   44-3233
src/vscs/application/ciee/evaluator.py                                           108     12     32     10    84%   40, 44, 50, 67, 102, 109, 111, 115, 172-173, 178-179
src/vscs/application/pre/engine.py                                                94     14     46     17    78%   51, 56, 60, 86, 89-90, 92, 99, 107->106, 112->106, 114, 122, 135, 137, 139, 151->153, 154->158, 159
src/vscs/application/pre/models.py                                                37      1      0      0    97%   53
src/vscs/application/production_pipeline/audit.py                                216     13     26     11    90%   200, 202, 303, 305, 309, 312, 320, 328, 367-368, 466, 566, 573
src/vscs/application/production_pipeline/executors.py                            111      8     22      7    89%   34, 36, 53, 86, 88, 123, 164, 187
src/vscs/application/production_pipeline/graph.py                                 35      0     14      1    98%   41->39
src/vscs/application/production_pipeline/monitoring.py                           161      3     24      3    97%   146, 148, 150
src/vscs/application/production_pipeline/queue.py                                 99     10     28      6    87%   104, 179, 197-200, 211, 214, 227, 234
src/vscs/application/production_pipeline/queue_serialization.py                   48      8      8      4    79%   34, 49-50, 52, 55-56, 59, 163
src/vscs/application/production_pipeline/queue_validator.py                       78     13     42     12    78%   47, 49, 51, 56, 60, 67, 74, 81, 96, 104, 111-112, 119
src/vscs/application/production_pipeline/recovery.py                             201     24     58     19    81%   108, 110, 155->146, 186, 220, 246->253, 258, 267, 269, 277-284, 292->300, 342-343, 361-367, 369, 377, 386-396, 407-408, 417
src/vscs/application/production_pipeline/serialization.py                         44      8     14      6    76%   23, 30-31, 33, 37, 75, 79, 97
src/vscs/application/production_pipeline/validator.py                             46      7     18      7    78%   54, 62-69, 74, 84, 92, 101, 109->120
src/vscs/application/projects/service.py                                         114     16     24      3    82%   82, 110-119, 135, 156-158, 178
src/vscs/application/prompt_graph/batch.py                                       199      7     38      7    94%   58, 60, 65, 78, 80, 82, 147
src/vscs/application/prompt_graph/context.py                                      18      1      4      1    91%   33
src/vscs/application/prompt_graph/differencing.py                                113      3     20      3    95%   102, 218, 248
src/vscs/application/prompt_graph/history.py                                      68      2      6      3    93%   82, 95->97, 108
src/vscs/application/prompt_graph/incremental.py                                  95      4     10      2    94%   40, 85, 111-112
src/vscs/application/prompt_graph/models.py                                      218     17     70     18    88%   79, 98, 100, 102, 105, 107, 109, 138, 142, 145, 167, 173, 183, 246->244, 328, 335, 341, 345
src/vscs/application/prompt_graph/optimization.py                                123      1     26      3    97%   103->110, 239->233, 248
src/vscs/application/prompt_graph/preview.py                                      49      2     12      3    92%   78, 82, 124->126
src/vscs/application/prompt_graph/progress.py                                     53      5      2      0    91%   32, 83-89, 97-98
src/vscs/application/prompt_graph/recovery.py                                    120     15     22      6    84%   34, 38, 40, 76-88, 98, 101, 121->123, 145-146, 182-183
src/vscs/application/prompt_graph/registry.py                                     33      5      0      0    85%   24, 30-31, 35, 59
src/vscs/application/prompt_graph/renderer_profiles.py                            91      9     22      5    88%   33, 35, 41, 57, 62-63, 76, 82, 156
src/vscs/application/prompt_graph/reporting.py                                    52      2      8      3    92%   23, 49->55, 124
src/vscs/application/prompt_graph/resolver.py                                     34      1      2      1    94%   29
src/vscs/application/prompt_graph/scheduler.py                                   162     17     32      5    87%   60, 126, 131, 137, 145-146, 149-152, 167-170, 174, 244-245
src/vscs/application/prompt_graph/snapshot.py                                     25      2      6      2    87%   24, 26
src/vscs/application/prompt_graph/statistics.py                                   34      1      2      1    94%   38
src/vscs/application/prompt_graph/validation.py                                  156     10     40      8    91%   63, 84, 86, 90, 92, 279, 290-291, 293-302
src/vscs/application/rendering/continuity.py                                     119     11     32     11    85%   44, 50, 67, 70, 72, 98, 100, 108, 111, 143, 152
src/vscs/application/rendering/contracts.py                                       45      2      0      0    96%   82-83
src/vscs/application/rendering/failure_policy.py                                  30      2     10      2    90%   32, 34
src/vscs/application/rendering/jobs.py                                            38      3      8      3    87%   59, 61, 63
src/vscs/application/rendering/lip_sync.py                                       107     19     48     18    75%   33, 35, 68, 73, 81, 86-88, 91, 93, 96, 98, 105, 107, 109, 122, 124, 157, 162->164, 165
src/vscs/application/rendering/models.py                                         109      4     18      4    94%   67, 85, 87, 180
src/vscs/application/rendering/outputs.py                                         35      2      6      2    90%   51, 54
src/vscs/application/rendering/quality_profiles.py                                25      4      0      0    84%   31-32, 38-39
src/vscs/application/rendering/requests.py                                         2      2      0      0     0%   3-12
src/vscs/application/rendering/voice.py                                          101      9     30      9    86%   51, 53, 55, 58, 60, 72, 105, 131, 134
src/vscs/application/rendering/workflows/compatibility.py                         92     13     38      5    80%   125, 162, 188, 201, 227-261
src/vscs/application/rendering/workflows/diagnostics.py                           32      2      4      2    89%   28, 30
src/vscs/application/rendering/workflows/loader.py                                67      2     10      2    95%   64, 89
src/vscs/application/rendering/workflows/manifest.py                             149     12     42     12    87%   66, 80, 96, 110, 130, 132, 140, 286, 292, 294, 303, 307
src/vscs/application/rendering/workflows/reporting.py                             36      1     16      2    94%   29, 60->68
src/vscs/application/shots/service.py                                            101     14     22      6    82%   52-59, 100-103, 108, 112, 114, 125, 138, 181-183
src/vscs/application/siee/models.py                                               45      1      0      0    98%   65
src/vscs/application/siee/service.py                                              24      3      4      1    86%   51-52, 67
src/vscs/application/ssie/blocking_planner.py                                     67      2     40      2    96%   57, 68
src/vscs/application/ssie/lighting_planner.py                                     44      3     20      4    89%   42, 44, 46, 68->70
src/vscs/application/ssie/scene_planner.py                                        57      1     14      3    94%   52, 89->93, 93->95
src/vscs/application/ssie/shot_planner.py                                        145      9     56     11    90%   46, 231, 237, 253, 255, 258, 273, 275, 294, 302->306, 306->308
src/vscs/application/ssie/validator.py                                            91     10     32      9    85%   56, 74-80, 86, 101, 108, 115, 159, 167, 174
src/vscs/application/story/approval.py                                           142     13     24      7    88%   34, 84, 138, 160, 182, 211-218, 226, 228, 238, 282-284
src/vscs/application/story/containers.py                                          44      3     16      3    90%   47, 49, 60
src/vscs/application/story/hierarchy.py                                          117      1     34      1    99%   248
src/vscs/application/story/lifecycle.py                                          176     10     26      5    93%   105-112, 233, 248, 264, 283, 297, 329-331
src/vscs/application/story/metadata.py                                           112      6     16      1    95%   82, 93-100, 218-220
src/vscs/application/story/service.py                                            107      9     14      4    89%   54-55, 80, 93, 105->110, 119, 143, 173-175
src/vscs/application/story/status.py                                             119     14     22      7    85%   88, 117, 163, 184-191, 199-200, 202, 211, 213, 256-258, 267
src/vscs/application/story_analysis/acceptance.py                                 90      8      6      1    91%   86-95, 147-156, 197->242, 201-202
src/vscs/application/story_analysis/ai_analysis.py                               102      8     22      6    89%   61-62, 167, 174, 176, 190, 234, 237
src/vscs/application/story_analysis/ai_composition.py                             26      5      6      3    75%   26, 30-36, 41->43
src/vscs/application/story_analysis/bootstrap.py                                  23      0      8      1    97%   30->29
src/vscs/application/story_analysis/cache.py                                     118     16     26     10    81%   61, 129, 149, 155, 158->160, 160->164, 164->166, 181-182, 232-234, 241-243, 251-252, 254, 260
src/vscs/application/story_analysis/contracts.py                                  66      1      6      1    97%   68
src/vscs/application/story_analysis/dashboard.py                                 163     19     40     13    84%   104, 106, 189-190, 197-198, 203, 229, 232->230, 234, 239, 246, 248, 257, 259-260, 278-279, 287-288
src/vscs/application/story_analysis/engine.py                                    220      8     86      6    95%   162-163, 179, 250-255, 353, 380, 476
src/vscs/application/story_analysis/intelligence.py                              101      8     18      2    90%   42-43, 55-56, 63, 240-242
src/vscs/application/story_analysis/knowledge_graph.py                           110      9     48      8    87%   56, 149, 173, 185-187, 209->208, 222-223, 259, 283->282
src/vscs/application/story_analysis/pipeline.py                                   31      4      8      3    82%   48-53, 64, 71->30
src/vscs/application/story_analysis/registry.py                                   40     16      8      1    60%   21, 28-32, 35-38, 41-44, 58, 61
src/vscs/application/story_analysis/source_reader.py                              54     14     22      4    68%   37, 42-43, 45, 51, 74->65, 80-88
src/vscs/application/story_analysis/stages.py                                     43      2      4      2    91%   49, 75
src/vscs/bootstrap.py                                                            176     25     28     10    80%   141, 144, 170-180, 305, 335, 337, 341-345, 348, 368, 378-388
src/vscs/domain/assets/models.py                                                  73      2      4      2    95%   61, 90
src/vscs/domain/caps/models.py                                                    81      3      2      0    94%   84-86
src/vscs/domain/caps/production_contract.py                                      160      5     24      6    94%   168, 172, 173->178, 175, 177, 237
src/vscs/domain/caps/production_projection.py                                     43      1      4      1    96%   52
src/vscs/domain/caps/reference_library.py                                         68      3     18      4    92%   70, 74, 75->80, 77
src/vscs/domain/caps/reference_templates.py                                       70      5     12      2    91%   38, 51, 77, 95-96
src/vscs/domain/caps/references.py                                                70      1      2      1    97%   61
src/vscs/domain/projects/models.py                                                41      2      4      2    91%   37, 60
src/vscs/domain/story_analysis/entity_resolution.py                               90      2      4      2    96%   102, 127
src/vscs/domain/story_analysis/graph.py                                           70      3     10      2    94%   68, 89, 106
src/vscs/infrastructure/ai/comfyui_derived_reference_provider.py                 112     15     22      8    81%   72, 78, 83-84, 88, 157-158, 163, 179, 184, 243-247
src/vscs/infrastructure/ai/credentials.py                                         34     23      4      0    29%   23-36, 40-57
src/vscs/infrastructure/ai/derived_reference_provider.py                          21      1      2      1    91%   34
src/vscs/infrastructure/ai/image_provider.py                                      17      9      2      0    42%   30-59
src/vscs/infrastructure/ai/openai_provider.py                                     68     50     14      0    22%   25-37, 42-46, 50-57, 60-66, 78-88, 100-134, 144-156, 160
src/vscs/infrastructure/ai/openai_semantic_evaluator.py                           46     46      8      0     0%   3-113
src/vscs/infrastructure/ai/story_analysis_provider.py                             76     28      8      0    57%   59-60, 140-152, 161-196
src/vscs/infrastructure/configuration/environment.py                              42     12     10      1    63%   56, 67-80
src/vscs/infrastructure/configuration/models.py                                   93      3     10      4    93%   37, 69, 107, 146->144
src/vscs/infrastructure/configuration/service.py                                  61     20      8      1    64%   30-36, 47, 49-50, 69-70, 73-75, 90-96, 99-100
src/vscs/infrastructure/database/manager.py                                      158     25     36      7    79%   67-71, 101-102, 104, 109->112, 118-119, 136, 140->exit, 154, 161-163, 167, 184-202, 223->222, 245
src/vscs/infrastructure/database/repository.py                                    17      7      0      0    59%   15-16, 20-21, 25, 29, 33
src/vscs/infrastructure/logging/service.py                                        43      5      6      2    86%   56-59, 68
src/vscs/infrastructure/plugins/api.py                                            17      1      0      0    94%   34
src/vscs/infrastructure/plugins/manager.py                                       162     19     40     12    84%   83, 88-89, 96->95, 109, 114, 135->141, 150, 156->159, 163-169, 184, 191, 197, 211, 218->215, 224-225
src/vscs/infrastructure/plugins/manifest.py                                       49      8      8      4    79%   34, 45-46, 49, 51, 67, 69-70
src/vscs/infrastructure/production/comfyui.py                                    153     54     62     12    61%   51, 53, 55, 57, 78, 82-90, 94-112, 121, 125, 132, 135, 152-182, 205, 256, 263, 270
src/vscs/infrastructure/production/execution.py                                  145     22     34      9    80%   66, 137, 159-163, 195, 221, 242-268, 290, 303, 306, 308, 322
src/vscs/infrastructure/production/staging.py                                    198     19     52     14    87%   41, 43, 125, 136, 157, 177, 179, 208, 210-211, 268, 273->278, 283->287, 286, 303, 306-310, 366
src/vscs/infrastructure/production/validation.py                                 128      3     30      3    96%   62, 64, 66
src/vscs/infrastructure/production/xcic.py                                        90      6     22      5    90%   39, 41, 43, 86, 135, 154
src/vscs/infrastructure/rendering/comfyui.py                                     139     22     56     17    80%   71->73, 85, 89, 92-93, 95, 97, 129, 140, 143, 155, 158, 163-164, 166, 183-184, 190-191, 194, 236, 252, 254
src/vscs/infrastructure/workflows/registry.py                                     45      5      4      2    86%   40, 53, 59-60, 63
src/vscs/infrastructure/xcic/comfyui.py                                           92     74     30      0    15%   22-24, 27, 31, 35-60, 63-74, 82-112, 117-134
src/vscs/infrastructure/xcic/config.py                                            37     21     10      0    34%   24-36, 55-81
src/vscs/infrastructure/xcic/engine.py                                            44     30      8      0    27%   35-43, 50-81, 85-90
src/vscs/infrastructure/xcic/model_resolver.py                                    68     53     34      0    15%   28-50, 54-70, 81-110, 117, 121, 125-126
src/vscs/infrastructure/xcic/provider.py                                          26     17      2      0    32%   28-46, 54-80
src/vscs/infrastructure/xcic/queue.py                                             28     28      6      0     0%   3-44
src/vscs/infrastructure/xcic/workflow.py                                          71     53     32      0    17%   21-23, 26-49, 53-60, 64-70, 74-90, 96-104
src/vscs/infrastructure/xcic_core/client.py                                       65     46     18      0    23%   24-29, 32, 35-45, 50-54, 57-73, 81-108
src/vscs/infrastructure/xcic_core/compiler.py                                     83     43     42      7    42%   33, 66, 69, 71, 75, 82-126, 133, 138-141
src/vscs/infrastructure/xcic_core/queue.py                                        22      2      2      0    92%   29-30
src/vscs/infrastructure/xcic_core/runner.py                                       76     56     20      0    21%   30-33, 40-87, 90-99, 102-117, 121-124, 128-137
src/vscs/main.py                                                                  54     54     10      0     0%   3-99
src/vscs/presentation/dialogs/acpp_editor_dialog.py                              265     11     14      2    95%   294, 305->exit, 363-366, 378-380, 386-395
src/vscs/presentation/dialogs/adaptive_workspace_scene_editor_dialog.py          106      4     26      6    92%   37->exit, 43, 54, 119, 146->exit, 160
src/vscs/presentation/dialogs/asset_picker_dialog.py                              97      6     14      1    92%   111-113, 137, 168-169
src/vscs/presentation/dialogs/beginner_mode_scene_editor_dialog.py                39      2      6      2    91%   38, 56
src/vscs/presentation/dialogs/beginner_workflow_scene_editor_dialog.py            66      3     12      5    90%   36, 41, 118, 119->122, 123->exit
src/vscs/presentation/dialogs/browseable_acpp_editor_dialog.py                    50      2      6      2    93%   80, 83
src/vscs/presentation/dialogs/cap_draft_review_dialog.py                         140    120     10      0    13%   33-145, 149-167, 171, 192, 196, 204-209, 213-215, 222-223, 235-240, 243-255
src/vscs/presentation/dialogs/guided_first_scene_editor_dialog.py                176     13     80     15    89%   88, 92-93, 95, 112-113, 137, 145, 149->exit, 156, 208->exit, 227, 228->230, 231->exit, 238->exit, 246, 248-253
src/vscs/presentation/dialogs/guided_tour_scene_editor_dialog.py                  55      4     18      5    88%   35, 52, 55, 64, 69->71
src/vscs/presentation/dialogs/live_documentation_scene_editor_dialog.py           54      2     14      3    93%   42->44, 49, 53
src/vscs/presentation/dialogs/onboarding_welcome_scene_editor_dialog.py           57      3     14      5    89%   48, 63, 68, 77->exit, 82->84
src/vscs/presentation/dialogs/plugin_manager_dialog.py                            64     55     10      0    12%   25-53, 56-63, 68-74, 80-92, 95-98
src/vscs/presentation/dialogs/production_container_scene_editor_dialog.py         86      6     20      7    88%   35, 49, 67, 69->71, 109, 116, 123
src/vscs/presentation/dialogs/production_scene_editor_dialog.py                  127     11     38      9    87%   34-36, 84, 95, 155->176, 162-164, 183->exit, 214, 220, 232
src/vscs/presentation/dialogs/resolution_asset_picker_dialog.py                  118      9     14      2    90%   169-173, 201, 214->216, 221-223
src/vscs/presentation/dialogs/scene_editor_dialog.py                             332      1     70      4    99%   283->exit, 348->exit, 470, 501->496
src/vscs/presentation/dialogs/settings_dialog.py                                 136    122     14      0     9%   37-113, 116-127, 130-135, 138-159, 166-181, 188-197, 204-222
src/vscs/presentation/dialogs/shot_planner_dialog.py                             253     32     38      4    85%   204-205, 220-222, 236, 254->exit, 285, 367-369, 373-385, 388-395, 398-404, 413
src/vscs/presentation/dialogs/smart_example_scene_editor_dialog.py                56      0     16      3    96%   54->56, 62->74, 71->69
src/vscs/presentation/dialogs/structured_scene_editor_dialog.py                  101     13     18      4    81%   37, 45->47, 68, 75-77, 166-173
src/vscs/presentation/dialogs/validation_explanations_scene_editor_dialog.py      86      1     14      1    98%   241
src/vscs/presentation/dialogs/workflow_scene_editor_dialog.py                     99      2     14      4    95%   47, 74->79, 159->exit, 161
src/vscs/presentation/dialogs/xpd_import_dialog.py                                95     35     16      0    59%   86-100, 103-112, 143-173
src/vscs/presentation/examples/example_provider.py                                43      3     12      3    89%   64, 70, 77
src/vscs/presentation/help/help_popup.py                                          59      0     10      1    99%   50->52
src/vscs/presentation/help/knowledge_documentation_panel.py                       56      0      6      3    95%   80->85, 85->88, 88->93
src/vscs/presentation/help/knowledge_provider.py                                  63      0     12      2    97%   88->105, 90->105
src/vscs/presentation/help/knowledge_registry.py                                  31      2      4      1    91%   26, 50
src/vscs/presentation/help/workflow_hint.py                                        8      4      0      0    50%   12-15
src/vscs/presentation/onboarding/guided_tour_overlay.py                          167      4     24      4    96%   114-115, 215, 217, 239->exit
src/vscs/presentation/onboarding/onboarding_controller.py                        116      3     16      1    97%   117, 165-166
src/vscs/presentation/onboarding/onboarding_steps.py                              41      5     18      5    83%   22, 24, 38, 40, 42
src/vscs/presentation/onboarding/welcome_overlay.py                               93      0      8      1    99%   153->exit
src/vscs/presentation/story_integration.py                                        67      7     18      8    82%   61->64, 65, 67, 69, 71, 74->79, 81->89, 111, 118-119
src/vscs/presentation/widgets/acpp_story_browser.py                               76     20     22      2    69%   44, 68-71, 84-98, 101-105
src/vscs/presentation/widgets/asset_manager.py                                   338    133     60      0    56%   99, 111-114, 117, 120-133, 137-155, 253, 262, 265-266, 269, 272-284, 287-310, 424-430, 433-457, 467-521, 524-529, 532-547
src/vscs/presentation/widgets/asset_readiness_column.py                           76     19     10      2    69%   24-28, 38, 59-70, 81->84, 112-116
src/vscs/presentation/widgets/browseable_story_workspace.py                      228    146     54      3    32%   90, 93, 123->exit, 141-149, 152-167, 175-226, 229-239, 242-247, 254-260, 267-273, 280-288, 296-302, 310-324, 327-330, 337-347, 354-376, 383-404
src/vscs/presentation/widgets/canonical_reference_gallery.py                     195    195     34      0     0%   3-338
src/vscs/presentation/widgets/cap_derived_reference_generation.py                149     38     24      6    70%   62, 133, 136-140, 143-162, 165-178, 181-186, 200, 206, 214, 229-235, 240, 243
src/vscs/presentation/widgets/cap_manager.py                                     403    238     86      4    37%   61-116, 119, 132, 144-151, 154-175, 178-186, 209-210, 252-261, 283->exit, 288, 318-319, 322-324, 342-346, 349-362, 365-387, 390-409, 473-503, 520-574, 584-601, 604-616, 619-636
src/vscs/presentation/widgets/cap_readiness_widget.py                             97     18     16      5    78%   85-86, 98, 101-103, 129-138, 143, 146
src/vscs/presentation/widgets/cap_reference_deletion.py                           66     66     20      0     0%   3-114
src/vscs/presentation/widgets/cap_reference_evaluation.py                         79     79     14      0     0%   3-137
src/vscs/presentation/widgets/cap_reference_file_management.py                   197    197     62      0     0%   3-345
src/vscs/presentation/widgets/cap_reference_preview.py                           245    245     62      0     0%   3-342
src/vscs/presentation/widgets/cap_reference_production_readiness.py               81     81     14      0     0%   3-160
src/vscs/presentation/widgets/cap_reference_regeneration.py                      110     80     28      2    25%   26, 30-35, 43-51, 57->56, 60->64, 79-80, 84-149, 159-173, 178-204
src/vscs/presentation/widgets/cap_reference_semantic_evaluation.py                92     92     18      0     0%   3-172
src/vscs/presentation/widgets/cap_structured_knowledge.py                        188     55     34      7    64%   36-39, 43-45, 62-98, 203-207, 215, 217->exit, 221-223, 330, 336, 342, 356, 360-369, 373-382
src/vscs/presentation/widgets/cap_structured_migration.py                         96     49     34      8    44%   19, 24, 36, 50-52, 60, 63-112, 125->128, 130, 133, 136, 146-153
src/vscs/presentation/widgets/cap_ui_refactoring.py                              213     22     34      6    88%   150-151, 201-203, 207->212, 212->216, 216->221, 287-293, 324-333, 341->344
src/vscs/presentation/widgets/dialogue_editor.py                                 199     29     36      3    83%   190, 195-210, 213-225, 228-229, 234, 243
src/vscs/presentation/widgets/shot_planning_story_browser.py                     117     14     40      4    85%   44, 72->69, 77, 133->137, 165-171, 174-178
src/vscs/presentation/widgets/story_ai_entity_review.py                          139     51     36      9    59%   97-99, 109-114, 117-122, 125-129, 136, 172, 175, 189, 200, 204-219, 222-233, 236-249
src/vscs/presentation/widgets/story_analysis_acceptance.py                        69      4     14      4    90%   83, 85, 89, 117
src/vscs/presentation/widgets/story_analysis_workspace.py                        297     77     68     11    71%   65-66, 72, 93-100, 103, 106, 109->exit, 252-254, 263-265, 269-270, 285, 324->327, 346-348, 353-362, 365-374, 380->384, 383, 385, 388-401, 404-405, 411-412, 418-429, 432, 435, 438, 441-449
src/vscs/presentation/widgets/story_browser.py                                   198     68     46      8    61%   100-102, 124, 126, 132-145, 148-159, 162-178, 184-185, 192-193, 199-200, 216-221, 224-239, 242-251, 259-260, 263, 266->exit, 279->exit, 281->exit, 286->exit, 290, 321-327
src/vscs/presentation/widgets/story_browser_v2.py                                194      9     56      7    94%   57, 96, 134-137, 222->224, 238, 246->exit, 260, 281
src/vscs/presentation/widgets/story_intelligence_dashboard.py                    235     26     46     15    83%   217-219, 234, 242, 281, 299, 321, 323, 325, 327, 330-332, 337, 351, 362-363, 365, 371, 376-377, 382-385
src/vscs/presentation/widgets/story_workspace.py                                 295     85     48      3    67%   75, 100, 140-144, 206, 281-284, 352-360, 363-374, 377-401, 404-415, 418, 421, 424, 427, 430-446, 449-465, 468, 480
src/vscs/presentation/windows/main_window.py                                     241     40     30      7    80%   205->exit, 218-219, 222, 226-228, 234, 241, 245-247, 253-268, 273-275, 277->exit, 281-293, 296-297, 300, 303, 320->322, 322->324
src/vscs/presentation/workflow/beginner_mode.py                                   20      1      2      1    91%   35
src/vscs/presentation/workflow/guided_navigation.py                               60      0     10      3    96%   58->60, 61->63, 80->exit
src/vscs/presentation/workflow/workflow_progress.py                               89      4     14      2    94%   30, 82-84
--------------------------------------------------------------------------------------------------------------------------
TOTAL                                                                          25920   6167   5710    963    72%

101 files skipped due to complete coverage.
Required test coverage of 70.0% reached. Total coverage: 71.79%
=========================== short test summary info ============================
FAILED tests/unit/test_scene_dialog_workflow.py::test_dialog_geometry_is_restored_between_sessions - assert 798 == 910
 +  where 798 = <built-in method width of PySide6.QtCore.QSize object at 0x7f63f8fe1780>()
 +    where <built-in method width of PySide6.QtCore.QSize object at 0x7f63f8fe1780> = PySide6.QtCore.QSize(798, 650).width
 +      where PySide6.QtCore.QSize(798, 650) = <built-in method size of WorkflowSceneEditorDialog object at 0x7f63f8fd4340>()
 +        where <built-in method size of WorkflowSceneEditorDialog object at 0x7f63f8fd4340> = <vscs.presentation.dialogs.workflow_scene_editor_dialog.WorkflowSceneEditorDialog(0x559b70b8d0d0) at 0x7f63f8fd4340>.size
======================== 1 failed, 758 passed in 32.10s ========================
